Arguments: 
  C:\Program Files\nodejs\node.exe C:\Users\alebet\AppData\Roaming\npm\node_modules\yarn\bin\yarn.js

PATH: 
  C:\Users\alebet\Documents\cmder\bin;C:\Users\alebet\Documents\cmder\vendor\bin;C:\Users\alebet\Documents\cmder\vendor\conemu-maximus5\ConEmu\Scripts;C:\Users\alebet\Documents\cmder\vendor\conemu-maximus5;C:\Users\alebet\Documents\cmder\vendor\conemu-maximus5\ConEmu;C:\Python27;C:\Python36;C:\Program Files (x86)\Common Files\Oracle\Java\javapath;C:\Python36\Scripts\;C:\Python36\;C:\Python27\;C:\Python27\Scripts;C:\windows\system32;C:\windows;C:\windows\System32\Wbem;C:\windows\System32\OpenSSH\;C:\ProgramData\chocolatey\bin;C:\Program Files\Git\cmd;C:\ProgramData\osquery;C:\Users\Administrator\AppData\Local\Microsoft\WindowsApps;C:\ProgramData\MBBR;C:\tools\watchman;C:\windows\System32\WindowsPowerShell\v1.0\;C:\Program Files\osquery;C:\WINDOWS\system32;C:\WINDOWS;C:\WINDOWS\System32\Wbem;C:\WINDOWS\System32\WindowsPowerShell\v1.0\;C:\WINDOWS\System32\OpenSSH\;C:\Program Files (x86)\Windows Kits\10\Windows Performance Toolkit\;C:\Users\alebet\AppData\Roaming\nvm;C:\Program Files\nodejs;C:\opscode\inspec\bin\;C:\tools\scm-telemetry;C:\Program Files (x86)\NVIDIA Corporation\PhysX\Common;C:\opscode\chef\bin\;C:\Program Files (x86)\Graphviz2.38\bin;C:\Users\alebet\AppData\Local\Microsoft\WindowsApps;C:\Users\alebet\AppData\Local\Programs\Microsoft VS Code\bin;C:\Users\alebet\AppData\Roaming\npm;C:\Users\alebet\AppData\Local\Programs\Fiddler;C:\Users\alebet\AppData\Local\atom\bin;C:\Users\alebet\AppData\Local\Microsoft\WindowsApps;C:\ProgramData\nuclide\FB-VSCode\bin;C:\tools\hg;C:\Users\alebet\AppData\Local\Pandoc\;C:\Program Files\Git\cmd;C:\Program Files\Git\mingw64\bin;C:\Program Files\Git\usr\bin;C:\Users\alebet\Documents\cmder

Yarn version: 
  1.16.0

Node version: 
  12.4.0

Platform: 
  win32 x64

Trace: 
  SyntaxError: C:\Users\alebet\git\tasks\package.json: Unexpected token : in JSON at position 166
      at JSON.parse (<anonymous>)
      at C:\Users\alebet\AppData\Roaming\npm\node_modules\yarn\lib\cli.js:1625:59
      at Generator.next (<anonymous>)
      at step (C:\Users\alebet\AppData\Roaming\npm\node_modules\yarn\lib\cli.js:304:30)
      at C:\Users\alebet\AppData\Roaming\npm\node_modules\yarn\lib\cli.js:315:13

npm manifest: 
  {
    "name": "tarchon",
    "version": "1.0.0",
    "main": "index.js",
    "license": "MIT",
    "workspaces": [
      "packages/*"
    ],
    "devDependencies": [
      "@babel/cli": "^7.8.4",
      "@babel/core": "^7.8.4",
      "@babel/plugin-proposal-class-properties": "^7.8.3",
      "@babel/plugin-proposal-decorators": "^7.8.3",
      "@babel/plugin-proposal-nullish-coalescing-operator": "^7.8.3",
      "@babel/plugin-proposal-optional-chaining": "^7.8.3",
      "@babel/plugin-syntax-dynamic-import": "^7.8.3",
      "@babel/plugin-transform-modules-commonjs": "^7.8.3",
      "@babel/preset-env": "^7.8.4",
      "@babel/preset-react": "^7.8.3",
      "@babel/preset-typescript": "^7.8.3",
      "@babel/register": "^7.8.3",
      "@types/ejs": "^3.0.0",
      "@types/jest": "^24.0.15",
      "@types/request": "^2.48.5",
      "@types/webpack": "^4.41.18",
      "@types/node-fetch": "^2.5.5",
      "@typescript-eslint/eslint-plugin": "^2.10.0",
      "@typescript-eslint/parser": "^2.10.0",
      "babel-eslint": "^10.1.0",
      "babel-jest": "^24.9.0",
      "babel-loader": "^8.0.5",
      "babel-plugin-emotion": "^10.0.6",
      "babel-plugin-fbt": "^0.10.0",
      "babel-plugin-fbt-runtime": "0.9.9",
      "babel-plugin-module-resolver": "^3.2.0",
      "buffer": "^5.2.1",
      "cache-loader": "^3.0.0",
      "case-sensitive-paths-webpack-plugin": "^2.2.0",
      "decompress": "^4.2.1",
      "ejs": "^3.0.1",
      "electron": "9.1.0",
      "electron-builder": "22.7.0",
      "eslint": "^6.7.2",
      "eslint-config-fbjs": "^2.1.0",
      "eslint-plugin-archon": "file:./tools/eslint-plugin-archon/",
      "eslint-plugin-babel": "^5.3.0",
      "eslint-plugin-flowtype": "^4.5.2",
      "eslint-plugin-header": "^2.0.0",
      "eslint-plugin-import": "^2.18.2",
      "eslint-plugin-jsx-a11y": "^6.2.0",
      "eslint-plugin-prettier": "^3.1.2",
      "eslint-plugin-react": "^7.12.4",
      "eslint-plugin-react-hooks": "^1.5.0",
      "eslint-plugin-react-native": "^3.8.1",
      "eslint-plugin-relay": "^1.0.0",
      "fb-tiger-hash": "^0.1.6",
      "fbt": "^0.10.2",
      "file-loader": "^3.0.1",
      "form-data": "3.0.0",
      "fs-extra": "^8.1.0",
      "jest": "^25.4.0",
      "jest-canvas-mock": "^2.2.0",
      "jest-emotion": "^10.0.32",
      "jest-fetch-mock": "^2.1.2",
      "jest-svg-transformer": "^1.0.0",
      "kill-port": "^1.6.0",
      "license-checker-webpack-plugin": "^0.1.2",
      "minimatch": "^3.0.4",
      "node-gyp": "^5.1.0",
      "prettier": "^2.0.1",
      "request": "^2.88.0",
      "semver": "^6.3.0",
      "ts-morph": "^7.1.0",
      "typescript": "^3.8.3",
      "webpack": "^4.30.0",
      "webpack-bundle-analyzer": "^3.3.2",
      "webpack-cli": "^3.3.1",
      "webpack-dev-server": "^3.3.1",
      "yargs": "^13.2.2"
    ]
  }

yarn manifest: 
  No manifest

Lockfile: 
  No lockfile
